# JRE version: OpenJDK Runtime Environment Temurin-21.0.8+9 (21.0.8+9) (build 21.0.8+9-LTS)
# Java VM: OpenJDK 64-Bit Server VM Temurin-21.0.8+9 (21.0.8+9-LTS, mixed mode, emulated-client, sharing, tiered, compressed oops, compressed class ptrs, g1 gc, windows-amd64)
GC Precious Log:
 CardTable entry size: 512
 Card Set container configuration: InlinePtr #cards 5 size 8 Array Of Cards #cards 12 size 40 Howl #buckets 4 coarsen threshold 1843 Howl Bitmap #cards 512 size 80 coarsen threshold 460 Card regions per heap region 1 cards per card region 2048
 CPUs: 8 total, 8 available
 Memory: 16221M
 Large Page Support: Disabled
 NUMA Support: Disabled
 Compressed Oops: Enabled (32-bit)
 Heap Region Size: 1M
 Heap Min Capacity: 8M
 Heap Initial Capacity: 254M
 Heap Max Capacity: 1G
 Pre-touch: Disabled
 Parallel Workers: 8
 Concurrent Workers: 2
 Concurrent Refinement Workers: 8
 Periodic GC: Disabled
Heap:
 garbage-first heap   total 99328K, used 37605K [0x00000000c0000000, 0x0000000100000000)
  region size 1024K, 1 young (1024K), 0 survivors (0K)
 Metaspace       used 54040K, committed 54656K, reserved 1114112K
  class space    used 6706K, committed 6976K, reserved 1048576K
GC Heap History (20 events):
Event: 84365.102 GC heap after
{Heap after GC invocations=3213 (full 3201):
 garbage-first heap   total 99328K, used 37605K [0x00000000c0000000, 0x0000000100000000)
  region size 1024K, 0 young (0K), 0 survivors (0K)
 Metaspace       used 54040K, committed 54656K, reserved 1114112K
  class space    used 6706K, committed 6976K, reserved 1048576K
}
Event: 84375.257 GC heap before
{Heap before GC invocations=3213 (full 3201):
 garbage-first heap   total 99328K, used 37605K [0x00000000c0000000, 0x0000000100000000)
  region size 1024K, 1 young (1024K), 0 survivors (0K)
 Metaspace       used 54040K, committed 54656K, reserved 1114112K
  class space    used 6706K, committed 6976K, reserved 1048576K
}
Event: 84375.286 GC heap after
{Heap after GC invocations=3214 (full 3202):
 garbage-first heap   total 99328K, used 37605K [0x00000000c0000000, 0x0000000100000000)
  region size 1024K, 0 young (0K), 0 survivors (0K)
 Metaspace       used 54040K, committed 54656K, reserved 1114112K
  class space    used 6706K, committed 6976K, reserved 1048576K
}
Event: 84385.473 GC heap before
{Heap before GC invocations=3214 (full 3202):
 garbage-first heap   total 99328K, used 37605K [0x00000000c0000000, 0x0000000100000000)
  region size 1024K, 1 young (1024K), 0 survivors (0K)
 Metaspace       used 54040K, committed 54656K, reserved 1114112K
  class space    used 6706K, committed 6976K, reserved 1048576K
}
Event: 84385.502 GC heap after
{Heap after GC invocations=3215 (full 3203):
 garbage-first heap   total 99328K, used 37605K [0x00000000c0000000, 0x0000000100000000)
  region size 1024K, 0 young (0K), 0 survivors (0K)
 Metaspace       used 54040K, committed 54656K, reserved 1114112K
  class space    used 6706K, committed 6976K, reserved 1048576K
}
Event: 84395.657 GC heap before
{Heap before GC invocations=3215 (full 3203):
 garbage-first heap   total 99328K, used 37605K [0x00000000c0000000, 0x0000000100000000)
  region size 1024K, 1 young (1024K), 0 survivors (0K)
 Metaspace       used 54040K, committed 54656K, reserved 1114112K
  class space    used 6706K, committed 6976K, reserved 1048576K
}
Event: 84395.681 GC heap after
{Heap after GC invocations=3216 (full 3204):
 garbage-first heap   total 99328K, used 37605K [0x00000000c0000000, 0x0000000100000000)
  region size 1024K, 0 young (0K), 0 survivors (0K)
 Metaspace       used 54040K, committed 54656K, reserved 1114112K
  class space    used 6706K, committed 6976K, reserved 1048576K
}
Event: 84405.839 GC heap before
{Heap before GC invocations=3216 (full 3204):
 garbage-first heap   total 99328K, used 37605K [0x00000000c0000000, 0x0000000100000000)
  region size 1024K, 1 young (1024K), 0 survivors (0K)
 Metaspace       used 54040K, committed 54656K, reserved 1114112K
  class space    used 6706K, committed 6976K, reserved 1048576K
}
Event: 84405.860 GC heap after
{Heap after GC invocations=3217 (full 3205):
 garbage-first heap   total 99328K, used 37605K [0x00000000c0000000, 0x0000000100000000)
  region size 1024K, 0 young (0K), 0 survivors (0K)
 Metaspace       used 54040K, committed 54656K, reserved 1114112K
  class space    used 6706K, committed 6976K, reserved 1048576K
}
Event: 84416.029 GC heap before
{Heap before GC invocations=3217 (full 3205):
 garbage-first heap   total 99328K, used 37605K [0x00000000c0000000, 0x0000000100000000)
  region size 1024K, 1 young (1024K), 0 survivors (0K)
 Metaspace       used 54040K, committed 54656K, reserved 1114112K
  class space    used 6706K, committed 6976K, reserved 1048576K
}
Event: 84416.051 GC heap after
{Heap after GC invocations=3218 (full 3206):
 garbage-first heap   total 99328K, used 37605K [0x00000000c0000000, 0x0000000100000000)
  region size 1024K, 0 young (0K), 0 survivors (0K)
 Metaspace       used 54040K, committed 54656K, reserved 1114112K
  class space    used 6706K, committed 6976K, reserved 1048576K
}
Event: 84426.191 GC heap before
{Heap before GC invocations=3218 (full 3206):
 garbage-first heap   total 99328K, used 37605K [0x00000000c0000000, 0x0000000100000000)
  region size 1024K, 1 young (1024K), 0 survivors (0K)
 Metaspace       used 54040K, committed 54656K, reserved 1114112K
  class space    used 6706K, committed 6976K, reserved 1048576K
}
Event: 84426.209 GC heap after
{Heap after GC invocations=3219 (full 3207):
 garbage-first heap   total 99328K, used 37605K [0x00000000c0000000, 0x0000000100000000)
  region size 1024K, 0 young (0K), 0 survivors (0K)
 Metaspace       used 54040K, committed 54656K, reserved 1114112K
  class space    used 6706K, committed 6976K, reserved 1048576K
}
Event: 84436.349 GC heap before
{Heap before GC invocations=3219 (full 3207):
 garbage-first heap   total 99328K, used 37605K [0x00000000c0000000, 0x0000000100000000)
  region size 1024K, 1 young (1024K), 0 survivors (0K)
 Metaspace       used 54040K, committed 54656K, reserved 1114112K
  class space    used 6706K, committed 6976K, reserved 1048576K
}
Event: 84436.367 GC heap after
{Heap after GC invocations=3220 (full 3208):
 garbage-first heap   total 99328K, used 37605K [0x00000000c0000000, 0x0000000100000000)
  region size 1024K, 0 young (0K), 0 survivors (0K)
 Metaspace       used 54040K, committed 54656K, reserved 1114112K
  class space    used 6706K, committed 6976K, reserved 1048576K
}
Event: 84446.650 GC heap before
{Heap before GC invocations=3220 (full 3208):
 garbage-first heap   total 99328K, used 37605K [0x00000000c0000000, 0x0000000100000000)
  region size 1024K, 1 young (1024K), 0 survivors (0K)
 Metaspace       used 54040K, committed 54656K, reserved 1114112K
  class space    used 6706K, committed 6976K, reserved 1048576K
}
Event: 84446.670 GC heap after
{Heap after GC invocations=3221 (full 3209):
 garbage-first heap   total 99328K, used 37605K [0x00000000c0000000, 0x0000000100000000)
  region size 1024K, 0 young (0K), 0 survivors (0K)
 Metaspace       used 54040K, committed 54656K, reserved 1114112K
  class space    used 6706K, committed 6976K, reserved 1048576K
}
Event: 84456.971 GC heap before
{Heap before GC invocations=3221 (full 3209):
 garbage-first heap   total 99328K, used 37605K [0x00000000c0000000, 0x0000000100000000)
  region size 1024K, 1 young (1024K), 0 survivors (0K)
 Metaspace       used 54040K, committed 54656K, reserved 1114112K
  class space    used 6706K, committed 6976K, reserved 1048576K
}
Event: 84456.991 GC heap after
{Heap after GC invocations=3222 (full 3210):
 garbage-first heap   total 99328K, used 37605K [0x00000000c0000000, 0x0000000100000000)
  region size 1024K, 0 young (0K), 0 survivors (0K)
 Metaspace       used 54040K, committed 54656K, reserved 1114112K
  class space    used 6706K, committed 6976K, reserved 1048576K
}
Event: 84467.184 GC heap before
{Heap before GC invocations=3222 (full 3210):
 garbage-first heap   total 99328K, used 37605K [0x00000000c0000000, 0x0000000100000000)
  region size 1024K, 1 young (1024K), 0 survivors (0K)
 Metaspace       used 54040K, committed 54656K, reserved 1114112K
  class space    used 6706K, committed 6976K, reserved 1048576K
}

