# JRE version: OpenJDK Runtime Environment Temurin-21.0.8+9 (21.0.8+9) (build 21.0.8+9-LTS)
# Java VM: OpenJDK 64-Bit Server VM Temurin-21.0.8+9 (21.0.8+9-LTS, mixed mode, emulated-client, sharing, tiered, compressed oops, compressed class ptrs, g1 gc, windows-amd64)
GC Precious Log:
 CardTable entry size: 512
 Card Set container configuration: InlinePtr #cards 5 size 8 Array Of Cards #cards 12 size 40 Howl #buckets 4 coarsen threshold 1843 Howl Bitmap #cards 512 size 80 coarsen threshold 460 Card regions per heap region 1 cards per card region 2048
 CPUs: 8 total, 8 available
 Memory: 16221M
 Large Page Support: Disabled
 NUMA Support: Disabled
 Compressed Oops: Enabled (32-bit)
 Heap Region Size: 1M
 Heap Min Capacity: 8M
 Heap Initial Capacity: 254M
 Heap Max Capacity: 1G
 Pre-touch: Disabled
 Parallel Workers: 8
 Concurrent Workers: 2
 Concurrent Refinement Workers: 8
 Periodic GC: Disabled
Heap:
 garbage-first heap   total 105472K, used 45239K [0x00000000c0000000, 0x0000000100000000)
  region size 1024K, 1 young (1024K), 0 survivors (0K)
 Metaspace       used 56692K, committed 57408K, reserved 1114112K
  class space    used 7151K, committed 7488K, reserved 1048576K
GC Heap History (20 events):
Event: 10479.035 GC heap after
{Heap after GC invocations=806 (full 764):
 garbage-first heap   total 105472K, used 45239K [0x00000000c0000000, 0x0000000100000000)
  region size 1024K, 0 young (0K), 0 survivors (0K)
 Metaspace       used 56669K, committed 57344K, reserved 1114112K
  class space    used 7148K, committed 7488K, reserved 1048576K
}
Event: 10489.203 GC heap before
{Heap before GC invocations=806 (full 764):
 garbage-first heap   total 105472K, used 45239K [0x00000000c0000000, 0x0000000100000000)
  region size 1024K, 1 young (1024K), 0 survivors (0K)
 Metaspace       used 56669K, committed 57344K, reserved 1114112K
  class space    used 7148K, committed 7488K, reserved 1048576K
}
Event: 10489.239 GC heap after
{Heap after GC invocations=807 (full 765):
 garbage-first heap   total 105472K, used 45239K [0x00000000c0000000, 0x0000000100000000)
  region size 1024K, 0 young (0K), 0 survivors (0K)
 Metaspace       used 56669K, committed 57344K, reserved 1114112K
  class space    used 7148K, committed 7488K, reserved 1048576K
}
Event: 10499.384 GC heap before
{Heap before GC invocations=807 (full 765):
 garbage-first heap   total 105472K, used 45239K [0x00000000c0000000, 0x0000000100000000)
  region size 1024K, 1 young (1024K), 0 survivors (0K)
 Metaspace       used 56669K, committed 57344K, reserved 1114112K
  class space    used 7148K, committed 7488K, reserved 1048576K
}
Event: 10499.413 GC heap after
{Heap after GC invocations=808 (full 766):
 garbage-first heap   total 105472K, used 45239K [0x00000000c0000000, 0x0000000100000000)
  region size 1024K, 0 young (0K), 0 survivors (0K)
 Metaspace       used 56669K, committed 57344K, reserved 1114112K
  class space    used 7148K, committed 7488K, reserved 1048576K
}
Event: 10509.663 GC heap before
{Heap before GC invocations=808 (full 766):
 garbage-first heap   total 105472K, used 45239K [0x00000000c0000000, 0x0000000100000000)
  region size 1024K, 1 young (1024K), 0 survivors (0K)
 Metaspace       used 56669K, committed 57344K, reserved 1114112K
  class space    used 7148K, committed 7488K, reserved 1048576K
}
Event: 10509.689 GC heap after
{Heap after GC invocations=809 (full 767):
 garbage-first heap   total 105472K, used 45239K [0x00000000c0000000, 0x0000000100000000)
  region size 1024K, 0 young (0K), 0 survivors (0K)
 Metaspace       used 56669K, committed 57344K, reserved 1114112K
  class space    used 7148K, committed 7488K, reserved 1048576K
}
Event: 10519.901 GC heap before
{Heap before GC invocations=809 (full 767):
 garbage-first heap   total 105472K, used 45239K [0x00000000c0000000, 0x0000000100000000)
  region size 1024K, 1 young (1024K), 0 survivors (0K)
 Metaspace       used 56669K, committed 57344K, reserved 1114112K
  class space    used 7148K, committed 7488K, reserved 1048576K
}
Event: 10519.929 GC heap after
{Heap after GC invocations=810 (full 768):
 garbage-first heap   total 105472K, used 45239K [0x00000000c0000000, 0x0000000100000000)
  region size 1024K, 0 young (0K), 0 survivors (0K)
 Metaspace       used 56669K, committed 57344K, reserved 1114112K
  class space    used 7148K, committed 7488K, reserved 1048576K
}
Event: 10530.209 GC heap before
{Heap before GC invocations=810 (full 768):
 garbage-first heap   total 105472K, used 45239K [0x00000000c0000000, 0x0000000100000000)
  region size 1024K, 1 young (1024K), 0 survivors (0K)
 Metaspace       used 56669K, committed 57344K, reserved 1114112K
  class space    used 7148K, committed 7488K, reserved 1048576K
}
Event: 10530.235 GC heap after
{Heap after GC invocations=811 (full 769):
 garbage-first heap   total 105472K, used 45239K [0x00000000c0000000, 0x0000000100000000)
  region size 1024K, 0 young (0K), 0 survivors (0K)
 Metaspace       used 56669K, committed 57344K, reserved 1114112K
  class space    used 7148K, committed 7488K, reserved 1048576K
}
Event: 10540.494 GC heap before
{Heap before GC invocations=811 (full 769):
 garbage-first heap   total 105472K, used 45239K [0x00000000c0000000, 0x0000000100000000)
  region size 1024K, 1 young (1024K), 0 survivors (0K)
 Metaspace       used 56669K, committed 57344K, reserved 1114112K
  class space    used 7148K, committed 7488K, reserved 1048576K
}
Event: 10540.520 GC heap after
{Heap after GC invocations=812 (full 770):
 garbage-first heap   total 105472K, used 45239K [0x00000000c0000000, 0x0000000100000000)
  region size 1024K, 0 young (0K), 0 survivors (0K)
 Metaspace       used 56669K, committed 57344K, reserved 1114112K
  class space    used 7148K, committed 7488K, reserved 1048576K
}
Event: 10550.687 GC heap before
{Heap before GC invocations=812 (full 770):
 garbage-first heap   total 105472K, used 45239K [0x00000000c0000000, 0x0000000100000000)
  region size 1024K, 1 young (1024K), 0 survivors (0K)
 Metaspace       used 56669K, committed 57344K, reserved 1114112K
  class space    used 7148K, committed 7488K, reserved 1048576K
}
Event: 10550.717 GC heap after
{Heap after GC invocations=813 (full 771):
 garbage-first heap   total 105472K, used 45239K [0x00000000c0000000, 0x0000000100000000)
  region size 1024K, 0 young (0K), 0 survivors (0K)
 Metaspace       used 56669K, committed 57344K, reserved 1114112K
  class space    used 7148K, committed 7488K, reserved 1048576K
}
Event: 10561.028 GC heap before
{Heap before GC invocations=813 (full 771):
 garbage-first heap   total 105472K, used 45239K [0x00000000c0000000, 0x0000000100000000)
  region size 1024K, 1 young (1024K), 0 survivors (0K)
 Metaspace       used 56669K, committed 57344K, reserved 1114112K
  class space    used 7148K, committed 7488K, reserved 1048576K
}
Event: 10561.057 GC heap after
{Heap after GC invocations=814 (full 772):
 garbage-first heap   total 105472K, used 45239K [0x00000000c0000000, 0x0000000100000000)
  region size 1024K, 0 young (0K), 0 survivors (0K)
 Metaspace       used 56669K, committed 57344K, reserved 1114112K
  class space    used 7148K, committed 7488K, reserved 1048576K
}
Event: 10571.305 GC heap before
{Heap before GC invocations=814 (full 772):
 garbage-first heap   total 105472K, used 45239K [0x00000000c0000000, 0x0000000100000000)
  region size 1024K, 1 young (1024K), 0 survivors (0K)
 Metaspace       used 56669K, committed 57344K, reserved 1114112K
  class space    used 7148K, committed 7488K, reserved 1048576K
}
Event: 10571.331 GC heap after
{Heap after GC invocations=815 (full 773):
 garbage-first heap   total 105472K, used 45239K [0x00000000c0000000, 0x0000000100000000)
  region size 1024K, 0 young (0K), 0 survivors (0K)
 Metaspace       used 56669K, committed 57344K, reserved 1114112K
  class space    used 7148K, committed 7488K, reserved 1048576K
}
Event: 10598.616 GC heap before
{Heap before GC invocations=815 (full 773):
 garbage-first heap   total 105472K, used 45239K [0x00000000c0000000, 0x0000000100000000)
  region size 1024K, 1 young (1024K), 0 survivors (0K)
 Metaspace       used 56692K, committed 57408K, reserved 1114112K
  class space    used 7151K, committed 7488K, reserved 1048576K
}

