# JRE version: OpenJDK Runtime Environment Temurin-21.0.8+9 (21.0.8+9) (build 21.0.8+9-LTS)
# Java VM: OpenJDK 64-Bit Server VM Temurin-21.0.8+9 (21.0.8+9-LTS, mixed mode, emulated-client, sharing, tiered, compressed oops, compressed class ptrs, g1 gc, windows-amd64)
GC Precious Log:
 CardTable entry size: 512
 Card Set container configuration: InlinePtr #cards 5 size 8 Array Of Cards #cards 12 size 40 Howl #buckets 4 coarsen threshold 1843 Howl Bitmap #cards 512 size 80 coarsen threshold 460 Card regions per heap region 1 cards per card region 2048
 CPUs: 8 total, 8 available
 Memory: 16221M
 Large Page Support: Disabled
 NUMA Support: Disabled
 Compressed Oops: Enabled (32-bit)
 Heap Region Size: 1M
 Heap Min Capacity: 8M
 Heap Initial Capacity: 254M
 Heap Max Capacity: 1G
 Pre-touch: Disabled
 Parallel Workers: 8
 Concurrent Workers: 2
 Concurrent Refinement Workers: 8
 Periodic GC: Disabled
Heap:
 garbage-first heap   total 104448K, used 40795K [0x00000000c0000000, 0x0000000100000000)
  region size 1024K, 1 young (1024K), 0 survivors (0K)
 Metaspace       used 56390K, committed 57088K, reserved 1114112K
  class space    used 7087K, committed 7360K, reserved 1048576K
GC Heap History (20 events):
Event: 879.790 GC heap after
{Heap after GC invocations=54 (full 18):
 garbage-first heap   total 104448K, used 40795K [0x00000000c0000000, 0x0000000100000000)
  region size 1024K, 0 young (0K), 0 survivors (0K)
 Metaspace       used 56368K, committed 57088K, reserved 1114112K
  class space    used 7084K, committed 7360K, reserved 1048576K
}
Event: 890.051 GC heap before
{Heap before GC invocations=54 (full 18):
 garbage-first heap   total 104448K, used 40795K [0x00000000c0000000, 0x0000000100000000)
  region size 1024K, 1 young (1024K), 0 survivors (0K)
 Metaspace       used 56368K, committed 57088K, reserved 1114112K
  class space    used 7084K, committed 7360K, reserved 1048576K
}
Event: 890.081 GC heap after
{Heap after GC invocations=55 (full 19):
 garbage-first heap   total 104448K, used 40795K [0x00000000c0000000, 0x0000000100000000)
  region size 1024K, 0 young (0K), 0 survivors (0K)
 Metaspace       used 56368K, committed 57088K, reserved 1114112K
  class space    used 7084K, committed 7360K, reserved 1048576K
}
Event: 900.278 GC heap before
{Heap before GC invocations=55 (full 19):
 garbage-first heap   total 104448K, used 40795K [0x00000000c0000000, 0x0000000100000000)
  region size 1024K, 1 young (1024K), 0 survivors (0K)
 Metaspace       used 56368K, committed 57088K, reserved 1114112K
  class space    used 7084K, committed 7360K, reserved 1048576K
}
Event: 900.310 GC heap after
{Heap after GC invocations=56 (full 20):
 garbage-first heap   total 104448K, used 40795K [0x00000000c0000000, 0x0000000100000000)
  region size 1024K, 0 young (0K), 0 survivors (0K)
 Metaspace       used 56368K, committed 57088K, reserved 1114112K
  class space    used 7084K, committed 7360K, reserved 1048576K
}
Event: 910.534 GC heap before
{Heap before GC invocations=56 (full 20):
 garbage-first heap   total 104448K, used 40795K [0x00000000c0000000, 0x0000000100000000)
  region size 1024K, 1 young (1024K), 0 survivors (0K)
 Metaspace       used 56368K, committed 57088K, reserved 1114112K
  class space    used 7084K, committed 7360K, reserved 1048576K
}
Event: 910.572 GC heap after
{Heap after GC invocations=57 (full 21):
 garbage-first heap   total 104448K, used 40795K [0x00000000c0000000, 0x0000000100000000)
  region size 1024K, 0 young (0K), 0 survivors (0K)
 Metaspace       used 56368K, committed 57088K, reserved 1114112K
  class space    used 7084K, committed 7360K, reserved 1048576K
}
Event: 920.924 GC heap before
{Heap before GC invocations=57 (full 21):
 garbage-first heap   total 104448K, used 40795K [0x00000000c0000000, 0x0000000100000000)
  region size 1024K, 1 young (1024K), 0 survivors (0K)
 Metaspace       used 56368K, committed 57088K, reserved 1114112K
  class space    used 7084K, committed 7360K, reserved 1048576K
}
Event: 920.954 GC heap after
{Heap after GC invocations=58 (full 22):
 garbage-first heap   total 104448K, used 40795K [0x00000000c0000000, 0x0000000100000000)
  region size 1024K, 0 young (0K), 0 survivors (0K)
 Metaspace       used 56368K, committed 57088K, reserved 1114112K
  class space    used 7084K, committed 7360K, reserved 1048576K
}
Event: 931.103 GC heap before
{Heap before GC invocations=58 (full 22):
 garbage-first heap   total 104448K, used 40795K [0x00000000c0000000, 0x0000000100000000)
  region size 1024K, 1 young (1024K), 0 survivors (0K)
 Metaspace       used 56368K, committed 57088K, reserved 1114112K
  class space    used 7084K, committed 7360K, reserved 1048576K
}
Event: 931.131 GC heap after
{Heap after GC invocations=59 (full 23):
 garbage-first heap   total 104448K, used 40795K [0x00000000c0000000, 0x0000000100000000)
  region size 1024K, 0 young (0K), 0 survivors (0K)
 Metaspace       used 56368K, committed 57088K, reserved 1114112K
  class space    used 7084K, committed 7360K, reserved 1048576K
}
Event: 941.467 GC heap before
{Heap before GC invocations=59 (full 23):
 garbage-first heap   total 104448K, used 40795K [0x00000000c0000000, 0x0000000100000000)
  region size 1024K, 1 young (1024K), 0 survivors (0K)
 Metaspace       used 56368K, committed 57088K, reserved 1114112K
  class space    used 7084K, committed 7360K, reserved 1048576K
}
Event: 941.500 GC heap after
{Heap after GC invocations=60 (full 24):
 garbage-first heap   total 104448K, used 40795K [0x00000000c0000000, 0x0000000100000000)
  region size 1024K, 0 young (0K), 0 survivors (0K)
 Metaspace       used 56368K, committed 57088K, reserved 1114112K
  class space    used 7084K, committed 7360K, reserved 1048576K
}
Event: 951.870 GC heap before
{Heap before GC invocations=60 (full 24):
 garbage-first heap   total 104448K, used 40795K [0x00000000c0000000, 0x0000000100000000)
  region size 1024K, 1 young (1024K), 0 survivors (0K)
 Metaspace       used 56368K, committed 57088K, reserved 1114112K
  class space    used 7084K, committed 7360K, reserved 1048576K
}
Event: 951.901 GC heap after
{Heap after GC invocations=61 (full 25):
 garbage-first heap   total 104448K, used 40795K [0x00000000c0000000, 0x0000000100000000)
  region size 1024K, 0 young (0K), 0 survivors (0K)
 Metaspace       used 56368K, committed 57088K, reserved 1114112K
  class space    used 7084K, committed 7360K, reserved 1048576K
}
Event: 962.333 GC heap before
{Heap before GC invocations=61 (full 25):
 garbage-first heap   total 104448K, used 40795K [0x00000000c0000000, 0x0000000100000000)
  region size 1024K, 1 young (1024K), 0 survivors (0K)
 Metaspace       used 56368K, committed 57088K, reserved 1114112K
  class space    used 7084K, committed 7360K, reserved 1048576K
}
Event: 962.354 GC heap after
{Heap after GC invocations=62 (full 26):
 garbage-first heap   total 104448K, used 40795K [0x00000000c0000000, 0x0000000100000000)
  region size 1024K, 0 young (0K), 0 survivors (0K)
 Metaspace       used 56368K, committed 57088K, reserved 1114112K
  class space    used 7084K, committed 7360K, reserved 1048576K
}
Event: 972.533 GC heap before
{Heap before GC invocations=62 (full 26):
 garbage-first heap   total 104448K, used 40795K [0x00000000c0000000, 0x0000000100000000)
  region size 1024K, 1 young (1024K), 0 survivors (0K)
 Metaspace       used 56368K, committed 57088K, reserved 1114112K
  class space    used 7084K, committed 7360K, reserved 1048576K
}
Event: 972.555 GC heap after
{Heap after GC invocations=63 (full 27):
 garbage-first heap   total 104448K, used 40795K [0x00000000c0000000, 0x0000000100000000)
  region size 1024K, 0 young (0K), 0 survivors (0K)
 Metaspace       used 56368K, committed 57088K, reserved 1114112K
  class space    used 7084K, committed 7360K, reserved 1048576K
}
Event: 995.846 GC heap before
{Heap before GC invocations=63 (full 27):
 garbage-first heap   total 104448K, used 40795K [0x00000000c0000000, 0x0000000100000000)
  region size 1024K, 1 young (1024K), 0 survivors (0K)
 Metaspace       used 56390K, committed 57088K, reserved 1114112K
  class space    used 7087K, committed 7360K, reserved 1048576K
}

